<?xml version="1.0" encoding="UTF-8"?>
<testng-results ignored="0" total="1" passed="1" failed="0" skipped="0">
  <reporter-output>
  </reporter-output>
  <suite started-at="2022-02-28T15:13:04 EST" name="YoutubeTutorial.ChandanTutorial.TestClassMaven" finished-at="2022-02-28T15:13:04 EST" duration-ms="39">
    <groups>
    </groups>
    <test started-at="2022-02-28T15:13:04 EST" name="Command line test" finished-at="2022-02-28T15:13:04 EST" duration-ms="39">
      <class name="YoutubeTutorial.ChandanTutorial.TestClassMaven">
        <test-method signature="TestMaven()[pri:0, instance:YoutubeTutorial.ChandanTutorial.TestClassMaven@130161f7]" started-at="2022-02-28T15:13:04 EST" name="TestMaven" finished-at="2022-02-28T15:13:04 EST" duration-ms="3" status="PASS">
          <reporter-output>
          </reporter-output>
        </test-method> <!-- TestMaven -->
      </class> <!-- YoutubeTutorial.ChandanTutorial.TestClassMaven -->
    </test> <!-- Command line test -->
  </suite> <!-- YoutubeTutorial.ChandanTutorial.TestClassMaven -->
</testng-results>
